d:\prog\c++\simulation\physisim\game\obj\x64\debug\physisim\vc143.pdb
d:\prog\c++\simulation\physisim\game\obj\x64\debug\physisim\vc143.idb
d:\prog\c++\simulation\physisim\game\obj\x64\debug\physisim\sphere.obj
d:\prog\c++\simulation\physisim\game\obj\x64\debug\physisim\vector3f.obj
d:\prog\c++\simulation\physisim\game\obj\x64\debug\physisim\main.obj
d:\prog\c++\simulation\physisim\game\obj\x64\debug\physisim\rigidbody.obj
d:\prog\c++\simulation\physisim\game\obj\x64\debug\physisim\cuboid.obj
d:\prog\c++\simulation\physisim\game\obj\x64\debug\physisim\collision.obj
d:\prog\c++\simulation\physisim\game\obj\x64\debug\physisim\shape.obj
d:\prog\c++\simulation\physisim\game\obj\x64\debug\physisim\plane.obj
d:\prog\c++\simulation\physisim\game\obj\x64\debug\physisim\rectangle.obj
d:\prog\c++\simulation\physisim\game\obj\x64\debug\physisim\main.obj.enc
d:\prog\c++\simulation\physisim\game\obj\x64\debug\physisim\physisim.ilk
d:\prog\c++\simulation\physisim\game\obj\x64\debug\physisim\physisim.tlog\cl.command.1.tlog
d:\prog\c++\simulation\physisim\game\obj\x64\debug\physisim\physisim.tlog\cl.items.tlog
d:\prog\c++\simulation\physisim\game\obj\x64\debug\physisim\physisim.tlog\cl.read.1.tlog
d:\prog\c++\simulation\physisim\game\obj\x64\debug\physisim\physisim.tlog\cl.write.1.tlog
d:\prog\c++\simulation\physisim\game\obj\x64\debug\physisim\physisim.tlog\link.command.1.tlog
d:\prog\c++\simulation\physisim\game\obj\x64\debug\physisim\physisim.tlog\link.read.1.tlog
d:\prog\c++\simulation\physisim\game\obj\x64\debug\physisim\physisim.tlog\link.write.1.tlog
